<?xml version="1.0" encoding="UTF-8"?>
<testng-results skipped="0" failed="0" ignored="0" total="1" passed="1">
  <reporter-output>
  </reporter-output>
  <suite name="Default suite" duration-ms="47664" started-at="2020-08-24T09:11:10Z" finished-at="2020-08-24T09:11:58Z">
    <groups>
    </groups>
    <test name="Default test" duration-ms="47664" started-at="2020-08-24T09:11:10Z" finished-at="2020-08-24T09:11:58Z">
      <class name="com.capstone.userCreationTests.DemoTestToShow">
        <test-method status="PASS" signature="openApplication()[pri:0, instance:com.capstone.userCreationTests.DemoTestToShow@67784306]" name="openApplication" is-config="true" duration-ms="18107" started-at="2020-08-24T09:11:10Z" finished-at="2020-08-24T09:11:29Z">
          <reporter-output>
          </reporter-output>
        </test-method> <!-- openApplication -->
        <test-method status="PASS" signature="createUser()[pri:0, instance:com.capstone.userCreationTests.DemoTestToShow@67784306]" name="createUser" duration-ms="28555" started-at="2020-08-24T09:11:29Z" finished-at="2020-08-24T09:11:57Z">
          <reporter-output>
          </reporter-output>
        </test-method> <!-- createUser -->
        <test-method status="PASS" signature="closeBrowser()[pri:0, instance:com.capstone.userCreationTests.DemoTestToShow@67784306]" name="closeBrowser" is-config="true" duration-ms="975" started-at="2020-08-24T09:11:57Z" finished-at="2020-08-24T09:11:58Z">
          <reporter-output>
          </reporter-output>
        </test-method> <!-- closeBrowser -->
      </class> <!-- com.capstone.userCreationTests.DemoTestToShow -->
    </test> <!-- Default test -->
  </suite> <!-- Default suite -->
</testng-results>
